#
# There is insufficient memory for the Java Runtime Environment to continue.
# Native memory allocation (malloc) failed to allocate 373856 bytes for Chunk::new
# Possible reasons:
#   The system is out of physical RAM or swap space
#   In 32 bit mode, the process size limit was hit
# Possible solutions:
#   Reduce memory load on the system
#   Increase physical memory or swap space
#   Check if swap backing store is full
#   Use 64 bit Java on a 64 bit OS
#   Decrease Java heap size (-Xmx/-Xms)
#   Decrease number of Java threads
#   Decrease Java thread stack sizes (-Xss)
#   Set larger code cache with -XX:ReservedCodeCacheSize=
# This output file may be truncated or incomplete.
#
#  Out of Memory Error (allocation.cpp:390), pid=10084, tid=10208
#
# JRE version: Java(TM) SE Runtime Environment (8.0_31-b13) (build 1.8.0_31-b13)
# Java VM: Java HotSpot(TM) 64-Bit Server VM (25.31-b07 mixed mode windows-amd64 compressed oops)
# Failed to write core dump. Minidumps are not enabled by default on client versions of Windows
#

---------------  T H R E A D  ---------------

Current thread (0x0000000014b1d800):  JavaThread "C2 CompilerThread0" daemon [_thread_in_native, id=10208, stack(0x0000000016080000,0x0000000016180000)]

Stack: [0x0000000016080000,0x0000000016180000]
Native frames: (J=compiled Java code, j=interpreted, Vv=VM code, C=native code)
V  [jvm.dll+0x3169ba]
V  [jvm.dll+0x2674c3]
V  [jvm.dll+0x268103]
V  [jvm.dll+0x25f8f5]
V  [jvm.dll+0xbf025]
V  [jvm.dll+0xbf4cc]
V  [jvm.dll+0x45df82]
V  [jvm.dll+0x49f21f]
V  [jvm.dll+0x453094]
V  [jvm.dll+0x454124]
V  [jvm.dll+0x437c62]
V  [jvm.dll+0x988e2]
V  [jvm.dll+0x990d3]
V  [jvm.dll+0x22c194]
V  [jvm.dll+0x28576a]
C  [msvcr100.dll+0x21d9f]
C  [msvcr100.dll+0x21e3b]
C  [KERNEL32.DLL+0x13d2]
C  [ntdll.dll+0x703c4]


Current CompileTask:
C2:   6803  749   !   4       com.android.dx.rop.code.RegisterSpec::intern (70 bytes)


---------------  P R O C E S S  ---------------

Java Threads: ( => current thread )
  0x00000000021ee000 JavaThread "DestroyJavaVM" [_thread_blocked, id=10152, stack(0x0000000002250000,0x0000000002350000)]
  0x0000000014b7c000 JavaThread "Service Thread" daemon [_thread_blocked, id=7240, stack(0x0000000016380000,0x0000000016480000)]
  0x0000000014b76000 JavaThread "C1 CompilerThread2" daemon [_thread_blocked, id=3176, stack(0x0000000016280000,0x0000000016380000)]
  0x0000000014b6f000 JavaThread "C2 CompilerThread1" daemon [_thread_blocked, id=10228, stack(0x0000000016180000,0x0000000016280000)]
=>0x0000000014b1d800 JavaThread "C2 CompilerThread0" daemon [_thread_in_native, id=10208, stack(0x0000000016080000,0x0000000016180000)]
  0x0000000014b1c000 JavaThread "Attach Listener" daemon [_thread_blocked, id=10204, stack(0x0000000015f80000,0x0000000016080000)]
  0x0000000014b1b000 JavaThread "Signal Dispatcher" daemon [_thread_blocked, id=10200, stack(0x0000000015e80000,0x0000000015f80000)]
  0x0000000002445000 JavaThread "Finalizer" daemon [_thread_blocked, id=10196, stack(0x0000000015d80000,0x0000000015e80000)]
  0x000000000243c000 JavaThread "Reference Handler" daemon [_thread_blocked, id=10192, stack(0x0000000015c80000,0x0000000015d80000)]

Other Threads:
  0x0000000014ae6000 VMThread [stack: 0x0000000015b80000,0x0000000015c80000] [id=10180]
  0x0000000016480800 WatcherThread [stack: 0x0000000016880000,0x0000000016980000] [id=5308]

VM state:not at safepoint (normal execution)

VM Mutex/Monitor currently owned by a thread: None

Heap:
 PSYoungGen      total 28672K, used 17506K [0x00000000eab00000, 0x00000000ecb00000, 0x0000000100000000)
  eden space 24576K, 71% used [0x00000000eab00000,0x00000000ebc18b60,0x00000000ec300000)
  from space 4096K, 0% used [0x00000000ec700000,0x00000000ec700000,0x00000000ecb00000)
  to   space 4096K, 0% used [0x00000000ec300000,0x00000000ec300000,0x00000000ec700000)
 ParOldGen       total 65536K, used 0K [0x00000000c0000000, 0x00000000c4000000, 0x00000000eab00000)
  object space 65536K, 0% used [0x00000000c0000000,0x00000000c0000000,0x00000000c4000000)
 Metaspace       used 6196K, capacity 7032K, committed 7168K, reserved 1056768K
  class space    used 643K, capacity 688K, committed 768K, reserved 1048576K

Card table byte_map: [0x0000000011810000,0x0000000011a20000] byte_map_base: 0x0000000011210000

Marking Bits: (ParMarkBitMap*) 0x000000005babd4f0
 Begin Bits: [0x0000000011f80000, 0x0000000012f80000)
 End Bits:   [0x0000000012f80000, 0x0000000013f80000)

Polling page: 0x0000000002100000

CodeCache: size=245760Kb used=3675Kb max_used=3675Kb free=242084Kb
 bounds [0x0000000002450000, 0x00000000027f0000, 0x0000000011450000]
 total_blobs=1306 nmethods=1032 adapters=188
 compilation: enabled

Compilation events (10 events):
Event: 3.396 Thread 0x0000000014b76000  772       3       com.android.dx.dex.code.RopToDop::dopFor (792 bytes)
Event: 3.398 Thread 0x0000000014b76000 nmethod 772 0x00000000027348d0 code [0x0000000002734d40, 0x0000000002738248]
Event: 3.398 Thread 0x0000000014b76000  785       3       com.android.dx.cf.code.RopperMachine::getSources (264 bytes)
Event: 3.402 Thread 0x0000000014b76000 nmethod 785 0x00000000027393d0 code [0x0000000002739980, 0x000000000273e118]
Event: 3.402 Thread 0x0000000014b76000  784   !   3       com.android.dx.cf.code.RopperMachine::run (1550 bytes)
Event: 3.418 Thread 0x0000000014b6f000  797       4       java.util.Arrays::copyOf (46 bytes)
Event: 3.420 Thread 0x0000000014b6f000 nmethod 797 0x0000000002732050 code [0x00000000027321a0, 0x0000000002732338]
Event: 3.423 Thread 0x0000000014b6f000  803       4       com.android.dx.ssa.NormalSsaInsn::hasSideEffect (76 bytes)
Event: 3.423 Thread 0x0000000014b76000 nmethod 784 0x00000000027429d0 code [0x0000000002743be0, 0x0000000002752848]
Event: 3.423 Thread 0x0000000014b76000  786       3       com.android.dx.cf.code.ValueAwareMachine::run (1142 bytes)

GC Heap History (0 events):
No events

Deoptimization events (0 events):
No events

Internal exceptions (10 events):
Event: 2.883 Thread 0x00000000165ce000 Exception <a 'java/security/PrivilegedActionException'> (0x00000000eb486150) thrown at [C:\workspace\8-2-build-windows-amd64-cygwin\jdk8u31\2394\hotspot\src\share\vm\prims\jvm.cpp, line 1312]
Event: 2.887 Thread 0x00000000165ce000 Exception <a 'java/security/PrivilegedActionException'> (0x00000000eb492718) thrown at [C:\workspace\8-2-build-windows-amd64-cygwin\jdk8u31\2394\hotspot\src\share\vm\prims\jvm.cpp, line 1312]
Event: 2.888 Thread 0x00000000165ce000 Exception <a 'java/security/PrivilegedActionException'> (0x00000000eb498718) thrown at [C:\workspace\8-2-build-windows-amd64-cygwin\jdk8u31\2394\hotspot\src\share\vm\prims\jvm.cpp, line 1312]
Event: 2.889 Thread 0x00000000165ce000 Exception <a 'java/security/PrivilegedActionException'> (0x00000000eb49cdc0) thrown at [C:\workspace\8-2-build-windows-amd64-cygwin\jdk8u31\2394\hotspot\src\share\vm\prims\jvm.cpp, line 1312]
Event: 2.905 Thread 0x00000000165ce000 Exception <a 'java/security/PrivilegedActionException'> (0x00000000eb56b970) thrown at [C:\workspace\8-2-build-windows-amd64-cygwin\jdk8u31\2394\hotspot\src\share\vm\prims\jvm.cpp, line 1312]
Event: 2.906 Thread 0x00000000165ce000 Exception <a 'java/security/PrivilegedActionException'> (0x00000000eb571180) thrown at [C:\workspace\8-2-build-windows-amd64-cygwin\jdk8u31\2394\hotspot\src\share\vm\prims\jvm.cpp, line 1312]
Event: 2.912 Thread 0x00000000165ce000 Exception <a 'java/security/PrivilegedActionException'> (0x00000000eb576678) thrown at [C:\workspace\8-2-build-windows-amd64-cygwin\jdk8u31\2394\hotspot\src\share\vm\prims\jvm.cpp, line 1312]
Event: 2.950 Thread 0x00000000165cf800 Exception <a 'java/security/PrivilegedActionException'> (0x00000000eb679610) thrown at [C:\workspace\8-2-build-windows-amd64-cygwin\jdk8u31\2394\hotspot\src\share\vm\prims\jvm.cpp, line 1312]
Event: 3.089 Thread 0x00000000165cf800 Exception <a 'java/security/PrivilegedActionException'> (0x00000000eb67f000) thrown at [C:\workspace\8-2-build-windows-amd64-cygwin\jdk8u31\2394\hotspot\src\share\vm\prims\jvm.cpp, line 1312]
Event: 3.175 Thread 0x00000000165bf800 Exception <a 'java/security/PrivilegedActionException'> (0x00000000eb8a2148) thrown at [C:\workspace\8-2-build-windows-amd64-cygwin\jdk8u31\2394\hotspot\src\share\vm\prims\jvm.cpp, line 1312]

Events (10 events):
Event: 3.092 loading class java/util/HashMap$Values
Event: 3.092 loading class java/util/HashMap$Values done
Event: 3.092 loading class java/util/HashMap$ValueIterator
Event: 3.092 loading class java/util/HashMap$ValueIterator done
Event: 3.110 loading class java/util/ArrayList$1
Event: 3.110 loading class java/util/ArrayList$1 done
Event: 3.162 Thread 0x00000000165cf800 Thread exited: 0x00000000165cf800
Event: 3.175 loading class com/android/dx/cf/code/SwitchList
Event: 3.175 loading class com/android/dx/cf/code/SwitchList done
Event: 3.408 Thread 0x00000000165ce000 Thread exited: 0x00000000165ce000


Dynamic libraries:
0x00007ff671850000 - 0x00007ff671884000 	C:\Program Files\Java\jdk1.8.0_31\bin\java.exe
0x00007ffb1bf60000 - 0x00007ffb1c10c000 	C:\Windows\SYSTEM32\ntdll.dll
0x00007ffb18ea0000 - 0x00007ffb18fde000 	C:\Windows\system32\KERNEL32.DLL
0x00007ffb0cce0000 - 0x00007ffb0cd34000 	C:\Program Files (x86)\AVG\Av\avghooka.dll
0x00007ffb17f20000 - 0x00007ffb18035000 	C:\Windows\system32\KERNELBASE.dll
0x00007ffb16970000 - 0x00007ffb169fe000 	C:\Windows\system32\apphelp.dll
0x00007ffb0c320000 - 0x00007ffb0c373000 	C:\Windows\AppPatch\AppPatch64\AcGenral.DLL
0x00007ffb19630000 - 0x00007ffb196da000 	C:\Windows\system32\msvcrt.dll
0x00007ffb17b20000 - 0x00007ffb17b4e000 	C:\Windows\SYSTEM32\SspiCli.dll
0x00007ffb18a20000 - 0x00007ffb18a74000 	C:\Windows\system32\SHLWAPI.dll
0x00007ffb190a0000 - 0x00007ffb19217000 	C:\Windows\system32\USER32.dll
0x00007ffb18350000 - 0x00007ffb184e4000 	C:\Windows\system32\ole32.dll
0x00007ffb196e0000 - 0x00007ffb1abf9000 	C:\Windows\system32\SHELL32.dll
0x00007ffb172c0000 - 0x00007ffb172e1000 	C:\Windows\SYSTEM32\USERENV.dll
0x00007ffb18ad0000 - 0x00007ffb18b7a000 	C:\Windows\system32\ADVAPI32.dll
0x00007ffb0bd90000 - 0x00007ffb0bdae000 	C:\Windows\SYSTEM32\MPR.dll
0x00007ffb18d50000 - 0x00007ffb18e91000 	C:\Windows\system32\RPCRT4.dll
0x00007ffb18730000 - 0x00007ffb18789000 	C:\Windows\SYSTEM32\sechost.dll
0x00007ffb19400000 - 0x00007ffb19611000 	C:\Windows\SYSTEM32\combase.dll
0x00007ffb18be0000 - 0x00007ffb18d31000 	C:\Windows\system32\GDI32.dll
0x00007ffb17d50000 - 0x00007ffb17d65000 	C:\Windows\SYSTEM32\profapi.dll
0x00007ffb16600000 - 0x00007ffb166b2000 	C:\Windows\SYSTEM32\SHCORE.dll
0x00007ffb18a90000 - 0x00007ffb18ac6000 	C:\Windows\system32\IMM32.DLL
0x00007ffb185d0000 - 0x00007ffb18723000 	C:\Windows\system32\MSCTF.dll
0x00007ffb16180000 - 0x00007ffb163fb000 	C:\Windows\WinSxS\amd64_microsoft.windows.common-controls_6595b64144ccf1df_6.0.9600.17415_none_6240486fecbd8abb\COMCTL32.dll
0x000000005bb40000 - 0x000000005bc12000 	C:\Program Files\Java\jdk1.8.0_31\jre\bin\msvcr100.dll
0x000000005b2e0000 - 0x000000005bb3a000 	C:\Program Files\Java\jdk1.8.0_31\jre\bin\server\jvm.dll
0x00007ffb122a0000 - 0x00007ffb122a9000 	C:\Windows\SYSTEM32\WSOCK32.dll
0x00007ffb0a780000 - 0x00007ffb0a7a2000 	C:\Windows\SYSTEM32\WINMM.dll
0x00007ffb18940000 - 0x00007ffb18947000 	C:\Windows\system32\PSAPI.DLL
0x00007ffb18b80000 - 0x00007ffb18bda000 	C:\Windows\system32\WS2_32.dll
0x00007ffb0a750000 - 0x00007ffb0a77a000 	C:\Windows\SYSTEM32\WINMMBASE.dll
0x00007ffb18a80000 - 0x00007ffb18a89000 	C:\Windows\system32\NSI.dll
0x00007ffb17ed0000 - 0x00007ffb17f1f000 	C:\Windows\SYSTEM32\cfgmgr32.dll
0x00007ffb16b50000 - 0x00007ffb16b78000 	C:\Windows\SYSTEM32\DEVOBJ.dll
0x000000005b2d0000 - 0x000000005b2df000 	C:\Program Files\Java\jdk1.8.0_31\jre\bin\verify.dll
0x000000005b2a0000 - 0x000000005b2c8000 	C:\Program Files\Java\jdk1.8.0_31\jre\bin\java.dll
0x000000005b280000 - 0x000000005b296000 	C:\Program Files\Java\jdk1.8.0_31\jre\bin\zip.dll
0x00007ffb04c00000 - 0x00007ffb04d8a000 	C:\Windows\SYSTEM32\dbghelp.dll

VM Arguments:
jvm_args: -Djava.awt.headless=true -Xmx1024M -Dfile.encoding=windows-1252 -Duser.country=US -Duser.language=en -Duser.variant 
java_command: com.android.dx.command.Main --dex --num-threads=4 --output C:\Android\AndroidStudioProjects\DrawerLayoutAndroidExample\android\app\build\intermediates\pre-dexed\debug\com.facebook.fresco-fresco-1.0.1_c1c4ae303f6d8468a4d9cf5453b0de9117dab8f1.jar C:\Android\AndroidStudioProjects\DrawerLayoutAndroidExample\android\app\build\intermediates\exploded-aar\com.facebook.fresco\fresco\1.0.1\jars\classes.jar
java_class_path (initial): C:\Android\sdk\build-tools\23.0.1\lib\dx.jar
Launcher Type: SUN_STANDARD

Environment Variables:
CLASSPATH=C:\Android\AndroidStudioProjects\DrawerLayoutAndroidExample\android\\gradle\wrapper\gradle-wrapper.jar
PATH=C:\Python27\;C:\Python27\Scripts;C:\RailsInstaller\Git\cmd;C:\RailsInstaller\Ruby2.2.0\bin;C:\Program Files (x86)\Intel\iCLS Client\;C:\Program Files\Intel\iCLS Client\;C:\ProgramData\Oracle\Java\javapath;C:\Windows\system32;C:\Windows;C:\Windows\System32\Wbem;C:\Windows\System32\WindowsPowerShell\v1.0\;C:\Program Files\TortoiseGit\bin;C:\Program Files (x86)\Windows Live\Shared;C:\Program Files (x86)\Intel\OpenCL SDK\2.0\bin\x86;C:\Program Files (x86)\Intel\OpenCL SDK\2.0\bin\x64;C:\Program Files\Intel\Intel(R) Management Engine Components\DAL;C:\Program Files\Intel\Intel(R) Management Engine Components\IPT;C:\Program Files (x86)\Intel\Intel(R) Management Engine Components\DAL;C:\Program Files (x86)\Intel\Intel(R) Management Engine Components\IPT;C:\Program Files (x86)\Skype\Phone\;C:\wamp64\bin\php\php7.0.0;C:\ProgramData\ComposerSetup\bin;C:\ProgramData\chocolatey\bin;C:\Program Files\nodejs\;C:\Program Files (x86)\Yarn\bin;C:\Users\Anil Gudur\AppData\Local\Programs\EmEditor;C:\Users\Anil Gudur\AppData\Roaming\Composer\vendor\bin;C:\Program Files (x86)\Microsoft VS Code\bin;C:\Users\Anil Gudur\AppData\Roaming\npm;C:\Users\Anil Gudur\AppData\Local\Yarn\.bin
USERNAME=Anil Gudur
OS=Windows_NT
PROCESSOR_IDENTIFIER=Intel64 Family 6 Model 42 Stepping 7, GenuineIntel



---------------  S Y S T E M  ---------------

OS: Windows 8.1 , 64 bit Build 9600 

CPU:total 4 (2 cores per cpu, 2 threads per core) family 6 model 42 stepping 7, cmov, cx8, fxsr, mmx, sse, sse2, sse3, ssse3, sse4.1, sse4.2, popcnt, avx, clmul, ht, tsc, tscinvbit

Memory: 4k page, physical 6189480k(421488k free), swap 9335208k(400208k free)

vm_info: Java HotSpot(TM) 64-Bit Server VM (25.31-b07) for windows-amd64 JRE (1.8.0_31-b13), built on Dec 17 2014 21:00:28 by "java_re" with MS VC++ 10.0 (VS2010)

time: Fri May 05 16:56:47 2017
elapsed time: 7 seconds (0d 0h 0m 7s)

